<?xml version="1.0" encoding="UTF-8"?>
<testng-results ignored="0" total="1" passed="1" failed="0" skipped="0">
  <reporter-output>
  </reporter-output>
  <suite started-at="2024-08-04T19:37:03 IST" name="Default suite" finished-at="2024-08-04T19:37:06 IST" duration-ms="2423">
    <groups>
    </groups>
    <test started-at="2024-08-04T19:37:03 IST" name="Default test" finished-at="2024-08-04T19:37:06 IST" duration-ms="2423">
      <class name="TestPractice.Test2ReadExcel">
        <test-method signature="name()[pri:0, instance:TestPractice.Test2ReadExcel@5aa9e4eb]" started-at="2024-08-04T19:37:03 IST" name="name" finished-at="2024-08-04T19:37:06 IST" duration-ms="2363" status="PASS">
          <reporter-output>
          </reporter-output>
        </test-method> <!-- name -->
      </class> <!-- TestPractice.Test2ReadExcel -->
    </test> <!-- Default test -->
  </suite> <!-- Default suite -->
</testng-results>
