<?xml version="1.0" encoding="UTF-8"?>
<testng-results ignored="0" total="1" passed="1" failed="0" skipped="0">
  <reporter-output>
  </reporter-output>
  <suite started-at="2024-08-04T08:55:36 IST" name="Default suite" finished-at="2024-08-04T08:56:20 IST" duration-ms="43980">
    <groups>
      <group name="cucumber">
        <method signature="AbstractTestNGCucumberTests.runScenario(io.cucumber.testng.PickleWrapper,io.cucumber.testng.FeatureWrapper)[pri:0, instance:com.ABHIUSP.runner.TestRunner@47caedad]" name="runScenario" class="io.cucumber.testng.AbstractTestNGCucumberTests"/>
      </group> <!-- cucumber -->
    </groups>
    <test started-at="2024-08-04T08:55:36 IST" name="Default test" finished-at="2024-08-04T08:56:20 IST" duration-ms="43980">
      <class name="com.ABHIUSP.runner.TestRunner">
        <test-method is-config="true" signature="setUpClass(org.testng.ITestContext)[pri:0, instance:com.ABHIUSP.runner.TestRunner@47caedad]" started-at="2024-08-04T08:55:36 IST" name="setUpClass" finished-at="2024-08-04T08:55:36 IST" duration-ms="554" status="PASS">
          <params>
            <param index="0">
              <value>
                <![CDATA[org.testng.TestRunner@51132514]]>
              </value>
            </param>
          </params>
          <reporter-output>
          </reporter-output>
        </test-method> <!-- setUpClass -->
        <test-method signature="runScenario(io.cucumber.testng.PickleWrapper,io.cucumber.testng.FeatureWrapper)[pri:0, instance:com.ABHIUSP.runner.TestRunner@47caedad]" started-at="2024-08-04T08:55:36 IST" name="runScenario" description="Runs Cucumber Scenarios" data-provider="scenarios" finished-at="2024-08-04T08:56:20 IST" duration-ms="43327" status="PASS">
          <params>
            <param index="0">
              <value>
                <![CDATA["Product journey."]]>
              </value>
            </param>
            <param index="1">
              <value>
                <![CDATA["Mozart login Module."]]>
              </value>
            </param>
          </params>
          <reporter-output>
          </reporter-output>
        </test-method> <!-- runScenario -->
        <test-method is-config="true" signature="tearDownClass()[pri:0, instance:com.ABHIUSP.runner.TestRunner@47caedad]" started-at="2024-08-04T08:56:20 IST" name="tearDownClass" finished-at="2024-08-04T08:56:20 IST" duration-ms="58" status="PASS">
          <reporter-output>
          </reporter-output>
        </test-method> <!-- tearDownClass -->
      </class> <!-- com.ABHIUSP.runner.TestRunner -->
    </test> <!-- Default test -->
  </suite> <!-- Default suite -->
</testng-results>
